TN:
SF:controllers\adminController.ts
FN:35,(anonymous_1)
FN:124,(anonymous_2)
FN:142,(anonymous_3)
FN:173,(anonymous_4)
FN:227,(anonymous_5)
FNF:5
FNH:2
FNDA:1,(anonymous_1)
FNDA:1,(anonymous_2)
FNDA:0,(anonymous_3)
FNDA:0,(anonymous_4)
FNDA:0,(anonymous_5)
DA:2,1
DA:35,1
DA:36,1
DA:38,1
DA:43,1
DA:48,1
DA:53,1
DA:67,1
DA:75,1
DA:86,1
DA:99,1
DA:105,1
DA:116,0
DA:117,0
DA:124,1
DA:125,1
DA:126,1
DA:132,1
DA:134,0
DA:135,0
DA:142,1
DA:143,0
DA:144,0
DA:145,0
DA:148,0
DA:149,0
DA:150,0
DA:153,0
DA:158,0
DA:159,0
DA:160,0
DA:163,0
DA:165,0
DA:166,0
DA:173,1
DA:174,0
DA:175,0
DA:178,0
DA:183,0
DA:184,0
DA:185,0
DA:188,0
DA:189,0
DA:190,0
DA:194,0
DA:200,0
DA:206,0
DA:211,0
DA:219,0
DA:220,0
DA:227,1
DA:228,0
DA:230,0
DA:250,0
DA:254,0
DA:258,0
DA:262,0
DA:266,0
DA:276,0
DA:277,0
LF:60
LH:19
BRDA:106,0,0,1
BRDA:106,0,1,0
BRDA:107,1,0,1
BRDA:107,1,1,0
BRDA:108,2,0,1
BRDA:108,2,1,0
BRDA:112,3,0,1
BRDA:112,3,1,1
BRDA:113,4,0,1
BRDA:113,4,1,1
BRDA:148,5,0,0
BRDA:158,6,0,0
BRDA:183,7,0,0
BRDA:188,8,0,0
BRDA:213,9,0,0
BRDA:213,9,1,0
BRDA:214,10,0,0
BRDA:214,10,1,0
BRDA:215,11,0,0
BRDA:215,11,1,0
BRDA:269,12,0,0
BRDA:269,12,1,0
BRDA:270,13,0,0
BRDA:270,13,1,0
BRDA:271,14,0,0
BRDA:271,14,1,0
BRDA:272,15,0,0
BRDA:272,15,1,0
BRF:28
BRH:7
end_of_record
TN:
SF:controllers\authController.ts
FN:22,(anonymous_1)
FN:58,(anonymous_2)
FN:110,(anonymous_3)
FN:140,(anonymous_4)
FN:185,(anonymous_5)
FNF:5
FNH:2
FNDA:1,(anonymous_1)
FNDA:2,(anonymous_2)
FNDA:0,(anonymous_3)
FNDA:0,(anonymous_4)
FNDA:0,(anonymous_5)
DA:2,1
DA:3,1
DA:4,1
DA:5,1
DA:8,1
DA:22,1
DA:23,1
DA:24,1
DA:27,1
DA:32,1
DA:33,0
DA:34,0
DA:38,1
DA:41,1
DA:46,1
DA:48,0
DA:58,1
DA:59,2
DA:61,2
DA:63,2
DA:68,2
DA:69,0
DA:70,0
DA:73,2
DA:76,2
DA:78,2
DA:79,1
DA:80,1
DA:84,1
DA:90,1
DA:102,0
DA:103,0
DA:110,1
DA:111,0
DA:112,0
DA:114,0
DA:115,0
DA:116,0
DA:119,0
DA:124,0
DA:125,0
DA:126,0
DA:129,0
DA:131,0
DA:132,0
DA:140,1
DA:141,0
DA:142,0
DA:143,0
DA:145,0
DA:146,0
DA:147,0
DA:151,0
DA:152,0
DA:153,0
DA:157,0
DA:159,0
DA:164,0
DA:165,0
DA:166,0
DA:169,0
DA:177,0
DA:178,0
DA:185,1
DA:186,0
DA:187,0
DA:188,0
DA:190,0
DA:191,0
DA:192,0
DA:196,0
DA:197,0
DA:198,0
DA:202,0
DA:207,0
DA:208,0
DA:209,0
DA:213,0
DA:215,0
DA:216,0
DA:217,0
DA:221,0
DA:224,0
DA:229,0
DA:231,0
DA:232,0
LF:86
LH:28
BRDA:32,0,0,0
BRDA:43,1,0,1
BRDA:43,1,1,0
BRDA:50,2,0,0
BRDA:50,2,1,0
BRDA:68,3,0,0
BRDA:78,4,0,1
BRDA:98,5,0,1
BRDA:98,5,1,1
BRDA:114,6,0,0
BRDA:124,7,0,0
BRDA:145,8,0,0
BRDA:151,9,0,0
BRDA:151,10,0,0
BRDA:151,10,1,0
BRDA:157,11,0,0
BRDA:157,11,1,0
BRDA:164,12,0,0
BRDA:190,13,0,0
BRDA:196,14,0,0
BRDA:196,15,0,0
BRDA:196,15,1,0
BRDA:207,16,0,0
BRDA:215,17,0,0
BRF:24
BRH:4
end_of_record
TN:
SF:controllers\cursosController.ts
FN:12,(anonymous_1)
FN:17,(anonymous_2)
FN:55,(anonymous_3)
FN:67,(anonymous_4)
FN:106,(anonymous_5)
FN:132,(anonymous_6)
FN:156,(anonymous_7)
FN:206,(anonymous_8)
FN:227,(anonymous_9)
FN:252,(anonymous_10)
FN:287,(anonymous_11)
FN:358,(anonymous_12)
FN:385,(anonymous_13)
FNF:13
FNH:3
FNDA:0,(anonymous_1)
FNDA:0,(anonymous_2)
FNDA:1,(anonymous_3)
FNDA:1,(anonymous_4)
FNDA:1,(anonymous_5)
FNDA:0,(anonymous_6)
FNDA:0,(anonymous_7)
FNDA:0,(anonymous_8)
FNDA:0,(anonymous_9)
FNDA:0,(anonymous_10)
FNDA:0,(anonymous_11)
FNDA:0,(anonymous_12)
FNDA:0,(anonymous_13)
DA:2,1
DA:4,1
DA:5,1
DA:6,1
DA:11,1
DA:13,0
DA:14,0
DA:15,0
DA:18,0
DA:19,0
DA:23,1
DA:55,1
DA:56,1
DA:57,1
DA:60,1
DA:62,0
DA:63,0
DA:67,1
DA:68,1
DA:69,1
DA:71,1
DA:76,1
DA:77,0
DA:78,0
DA:81,1
DA:83,1
DA:88,1
DA:89,3
DA:93,3
DA:96,1
DA:101,0
DA:102,0
DA:106,1
DA:107,1
DA:108,1
DA:110,1
DA:111,0
DA:112,0
DA:115,1
DA:117,1
DA:122,1
DA:127,0
DA:128,0
DA:132,1
DA:133,0
DA:134,0
DA:135,0
DA:137,0
DA:144,0
DA:145,0
DA:146,0
DA:149,0
DA:151,0
DA:152,0
DA:156,1
DA:157,0
DA:158,0
DA:159,0
DA:161,0
DA:163,0
DA:164,0
DA:165,0
DA:169,0
DA:174,0
DA:175,0
DA:176,0
DA:180,0
DA:185,0
DA:186,0
DA:187,0
DA:190,0
DA:192,0
DA:201,0
DA:202,0
DA:206,1
DA:207,0
DA:208,0
DA:210,0
DA:215,0
DA:216,0
DA:217,0
DA:220,0
DA:222,0
DA:223,0
DA:227,1
DA:228,0
DA:229,0
DA:231,0
DA:232,0
DA:233,0
DA:236,0
DA:245,0
DA:247,0
DA:248,0
DA:252,1
DA:253,0
DA:254,0
DA:255,0
DA:257,0
DA:258,0
DA:259,0
DA:262,0
DA:267,0
DA:268,0
DA:269,0
DA:272,0
DA:277,0
DA:279,0
DA:280,0
DA:287,1
DA:288,0
DA:289,0
DA:291,0
DA:292,0
DA:293,0
DA:294,0
DA:295,0
DA:296,0
DA:298,0
DA:299,0
DA:300,0
DA:304,0
DA:305,0
DA:306,0
DA:307,0
DA:309,0
DA:310,0
DA:314,0
DA:319,0
DA:320,0
DA:323,0
DA:324,0
DA:326,0
DA:329,0
DA:334,0
DA:335,0
DA:338,0
DA:339,0
DA:341,0
DA:342,0
DA:344,0
DA:349,0
DA:352,0
DA:356,0
DA:357,0
DA:358,0
DA:359,0
DA:362,0
DA:364,0
DA:365,0
DA:373,0
DA:375,0
DA:380,0
DA:381,0
DA:385,1
DA:386,0
DA:387,0
DA:389,0
DA:394,0
DA:395,0
DA:396,0
DA:399,0
DA:401,0
DA:406,0
DA:407,0
DA:412,0
DA:417,0
DA:418,0
DA:421,0
DA:426,0
DA:427,0
LF:171
LH:35
BRDA:14,0,0,0
BRDA:76,1,0,0
BRDA:110,2,0,0
BRDA:110,3,0,1
BRDA:110,3,1,1
BRDA:115,4,0,1
BRDA:115,4,1,1
BRDA:119,5,0,1
BRDA:119,5,1,0
BRDA:119,6,0,1
BRDA:119,6,1,0
BRDA:144,7,0,0
BRDA:163,8,0,0
BRDA:163,9,0,0
BRDA:163,9,1,0
BRDA:174,10,0,0
BRDA:185,11,0,0
BRDA:215,12,0,0
BRDA:231,13,0,0
BRDA:257,14,0,0
BRDA:267,15,0,0
BRDA:298,16,0,0
BRDA:298,17,0,0
BRDA:298,17,1,0
BRDA:306,18,0,0
BRDA:306,18,1,0
BRDA:306,19,0,0
BRDA:306,19,1,0
BRDA:316,20,0,0
BRDA:316,20,1,0
BRDA:316,21,0,0
BRDA:316,21,1,0
BRDA:316,22,0,0
BRDA:316,22,1,0
BRDA:338,23,0,0
BRDA:338,23,1,0
BRDA:338,24,0,0
BRDA:338,24,1,0
BRDA:346,25,0,0
BRDA:346,25,1,0
BRDA:346,26,0,0
BRDA:346,26,1,0
BRDA:346,27,0,0
BRDA:346,27,1,0
BRDA:357,28,0,0
BRDA:357,29,0,0
BRDA:357,29,1,0
BRDA:394,30,0,0
BRF:48
BRH:6
end_of_record
TN:
SF:controllers\inscripcionesController.ts
FN:35,(anonymous_1)
FN:73,(anonymous_2)
FN:103,(anonymous_3)
FNF:3
FNH:2
FNDA:1,(anonymous_1)
FNDA:1,(anonymous_2)
FNDA:0,(anonymous_3)
DA:2,1
DA:35,1
DA:36,1
DA:37,1
DA:38,1
DA:40,1
DA:41,0
DA:42,0
DA:46,1
DA:51,1
DA:52,1
DA:53,1
DA:57,0
DA:62,0
DA:64,0
DA:65,0
DA:73,1
DA:74,1
DA:75,1
DA:77,1
DA:78,0
DA:79,0
DA:82,1
DA:92,1
DA:94,0
DA:95,0
DA:103,1
DA:104,0
DA:105,0
DA:106,0
DA:108,0
DA:109,0
DA:110,0
DA:113,0
DA:118,0
DA:119,0
DA:120,0
DA:123,0
DA:125,0
DA:126,0
LF:40
LH:17
BRDA:40,0,0,0
BRDA:51,1,0,1
BRDA:77,2,0,0
BRDA:108,3,0,0
BRDA:118,4,0,0
BRF:5
BRH:1
end_of_record
TN:
SF:controllers\progresoController.ts
FN:50,(anonymous_10)
FN:125,(anonymous_11)
FN:228,(anonymous_12)
FN:266,(anonymous_13)
FN:298,(anonymous_14)
FN:328,(anonymous_15)
FNF:6
FNH:2
FNDA:1,(anonymous_10)
FNDA:1,(anonymous_11)
FNDA:0,(anonymous_12)
FNDA:0,(anonymous_13)
FNDA:0,(anonymous_14)
FNDA:0,(anonymous_15)
DA:2,1
DA:50,1
DA:54,1
DA:55,1
DA:56,1
DA:58,1
DA:59,0
DA:60,0
DA:64,1
DA:69,1
DA:70,0
DA:71,0
DA:74,1
DA:77,1
DA:82,1
DA:83,0
DA:84,0
DA:88,1
DA:94,1
DA:95,3
DA:105,3
DA:108,1
DA:117,0
DA:118,0
DA:125,1
DA:129,1
DA:130,1
DA:131,1
DA:133,1
DA:134,0
DA:135,0
DA:139,1
DA:144,1
DA:145,0
DA:146,0
DA:149,1
DA:152,1
DA:160,1
DA:167,1
DA:176,1
DA:182,1
DA:185,1
DA:193,1
DA:194,1
DA:196,0
DA:201,0
DA:202,0
DA:203,0
DA:207,0
DA:209,0
DA:213,1
DA:220,0
DA:221,0
DA:228,1
DA:232,0
DA:233,0
DA:234,0
DA:236,0
DA:237,0
DA:238,0
DA:241,0
DA:251,0
DA:252,0
DA:253,0
DA:256,0
DA:258,0
DA:259,0
DA:266,1
DA:270,0
DA:271,0
DA:273,0
DA:274,0
DA:275,0
DA:278,0
DA:288,0
DA:290,0
DA:291,0
DA:298,1
DA:302,0
DA:303,0
DA:304,0
DA:306,0
DA:307,0
DA:308,0
DA:312,0
DA:322,0
DA:323,0
DA:324,0
DA:328,0
DA:329,0
DA:336,0
DA:337,0
DA:343,0
DA:348,0
DA:354,0
DA:361,0
DA:369,0
DA:378,0
DA:386,0
DA:395,0
DA:404,0
DA:413,0
DA:422,0
DA:428,0
DA:437,0
DA:446,0
DA:455,0
DA:457,0
DA:458,0
LF:109
LH:36
BRDA:58,0,0,0
BRDA:69,1,0,0
BRDA:82,2,0,0
BRDA:112,3,0,1
BRDA:112,3,1,0
BRDA:113,4,0,1
BRDA:113,4,1,1
BRDA:133,5,0,0
BRDA:144,6,0,0
BRDA:176,7,0,1
BRDA:176,7,1,0
BRDA:187,8,0,0
BRDA:187,8,1,1
BRDA:194,9,0,0
BRDA:201,10,0,0
BRDA:201,10,1,0
BRDA:236,11,0,0
BRDA:251,12,0,0
BRDA:273,13,0,0
BRDA:306,14,0,0
BRDA:322,15,0,0
BRF:21
BRH:5
end_of_record
TN:
SF:middlewares\auth.ts
FN:2,(anonymous_0)
FN:2,(anonymous_1)
FNF:2
FNH:2
FNDA:8,(anonymous_0)
FNDA:5,(anonymous_1)
DA:2,9
LF:1
LH:1
BRF:0
BRH:0
end_of_record
TN:
SF:middlewares\authMiddleware.ts
FN:21,(anonymous_1)
FN:51,(anonymous_2)
FNF:2
FNH:2
FNDA:7,(anonymous_1)
FNDA:3,(anonymous_2)
DA:2,5
DA:3,5
DA:5,5
DA:21,5
DA:26,7
DA:28,7
DA:29,0
DA:30,0
DA:33,7
DA:34,7
DA:38,7
DA:39,7
DA:41,0
DA:51,5
DA:56,3
DA:57,0
DA:58,0
DA:60,3
DA:66,5
LF:19
LH:14
BRDA:28,0,0,0
BRDA:56,1,0,0
BRF:2
BRH:0
end_of_record
TN:
SF:routes\adminRoutes.ts
FNF:0
FNH:0
DA:1,1
DA:2,1
DA:3,1
DA:11,1
DA:19,1
DA:22,1
DA:23,1
DA:26,1
DA:29,1
DA:31,1
LF:10
LH:10
BRF:0
BRH:0
end_of_record
TN:
SF:routes\authRoutes.ts
FNF:0
FNH:0
DA:1,1
DA:2,1
DA:9,1
DA:11,1
DA:16,1
DA:17,1
DA:22,1
DA:23,1
DA:24,1
DA:26,1
LF:10
LH:10
BRF:0
BRH:0
end_of_record
TN:
SF:routes\cursosRoutes.ts
FNF:0
FNH:0
DA:1,1
DA:2,1
DA:15,1
DA:17,1
DA:22,1
DA:31,1
DA:34,1
DA:37,1
DA:40,1
DA:43,1
DA:46,1
DA:49,1
DA:52,1
DA:55,1
DA:57,1
LF:15
LH:15
BRF:0
BRH:0
end_of_record
TN:
SF:routes\inscripcionesRoutes.ts
FNF:0
FNH:0
DA:1,1
DA:2,1
DA:3,1
DA:9,1
DA:11,1
DA:12,1
DA:13,1
DA:15,1
LF:8
LH:8
BRF:0
BRH:0
end_of_record
TN:
SF:routes\progresoRoutes.ts
FNF:0
FNH:0
DA:1,1
DA:2,1
DA:3,1
DA:11,1
DA:19,1
DA:22,1
DA:29,1
DA:32,1
DA:34,1
DA:36,1
LF:10
LH:10
BRF:0
BRH:0
end_of_record
